mode: set
github.com/napuu/gpsp-bot/internal/config/env.go:22.23,31.30 3 1
github.com/napuu/gpsp-bot/internal/config/env.go:31.30,35.13 4 1
github.com/napuu/gpsp-bot/internal/config/env.go:35.13,36.58 1 1
github.com/napuu/gpsp-bot/internal/config/env.go:36.58,41.5 4 1
github.com/napuu/gpsp-bot/internal/config/env.go:41.10,43.5 1 1
github.com/napuu/gpsp-bot/internal/config/env.go:47.2,47.12 1 1
github.com/napuu/gpsp-bot/internal/config/env.go:50.27,52.2 1 0
github.com/napuu/gpsp-bot/internal/config/env.go:54.33,56.2 1 1
github.com/napuu/gpsp-bot/gpsp-bot.go:13.13,16.23 3 0
github.com/napuu/gpsp-bot/gpsp-bot.go:16.23,18.3 1 0
github.com/napuu/gpsp-bot/gpsp-bot.go:20.2,21.20 2 0
github.com/napuu/gpsp-bot/gpsp-bot.go:22.18,25.37 3 0
github.com/napuu/gpsp-bot/gpsp-bot.go:26.17,29.36 3 0
github.com/napuu/gpsp-bot/gpsp-bot.go:31.2,32.6 2 0
github.com/napuu/gpsp-bot/internal/chain/chain.go:11.47,64.2 34 0
github.com/napuu/gpsp-bot/internal/chain/chain.go:66.55,68.2 1 0
github.com/napuu/gpsp-bot/internal/handlers/construct_text_response_handler.go:13.60,17.18 3 1
github.com/napuu/gpsp-bot/internal/handlers/construct_text_response_handler.go:18.16,21.28 1 0
github.com/napuu/gpsp-bot/internal/handlers/construct_text_response_handler.go:21.28,22.17 1 0
github.com/napuu/gpsp-bot/internal/handlers/construct_text_response_handler.go:22.17,24.5 1 0
github.com/napuu/gpsp-bot/internal/handlers/construct_text_response_handler.go:24.10,26.5 1 0
github.com/napuu/gpsp-bot/internal/handlers/construct_text_response_handler.go:27.4,27.26 1 0
github.com/napuu/gpsp-bot/internal/handlers/construct_text_response_handler.go:27.26,28.18 1 0
github.com/napuu/gpsp-bot/internal/handlers/construct_text_response_handler.go:28.18,30.6 1 0
github.com/napuu/gpsp-bot/internal/handlers/construct_text_response_handler.go:30.11,32.6 1 0
github.com/napuu/gpsp-bot/internal/handlers/construct_text_response_handler.go:34.4,34.68 1 0
github.com/napuu/gpsp-bot/internal/handlers/construct_text_response_handler.go:36.12,37.24 1 1
github.com/napuu/gpsp-bot/internal/handlers/construct_text_response_handler.go:38.21,39.38 1 0
github.com/napuu/gpsp-bot/internal/handlers/construct_text_response_handler.go:39.38,43.4 3 0
github.com/napuu/gpsp-bot/internal/handlers/construct_text_response_handler.go:44.15,56.28 2 0
github.com/napuu/gpsp-bot/internal/handlers/construct_text_response_handler.go:56.28,68.4 1 0
github.com/napuu/gpsp-bot/internal/handlers/construct_text_response_handler.go:71.2,72.19 2 1
github.com/napuu/gpsp-bot/internal/handlers/construct_text_response_handler.go:75.69,77.2 1 1
github.com/napuu/gpsp-bot/internal/handlers/delete_downloaded_video_handler.go:9.60,10.34 1 0
github.com/napuu/gpsp-bot/internal/handlers/delete_downloaded_video_handler.go:10.34,12.3 1 0
github.com/napuu/gpsp-bot/internal/handlers/delete_downloaded_video_handler.go:13.2,13.31 1 0
github.com/napuu/gpsp-bot/internal/handlers/delete_downloaded_video_handler.go:13.31,15.3 1 0
github.com/napuu/gpsp-bot/internal/handlers/delete_downloaded_video_handler.go:17.2,17.19 1 0
github.com/napuu/gpsp-bot/internal/handlers/delete_downloaded_video_handler.go:20.72,21.46 1 0
github.com/napuu/gpsp-bot/internal/handlers/delete_marked_message_handler.go:11.52,14.35 2 0
github.com/napuu/gpsp-bot/internal/handlers/delete_marked_message_handler.go:14.35,17.20 2 0
github.com/napuu/gpsp-bot/internal/handlers/delete_marked_message_handler.go:18.17,19.35 1 0
github.com/napuu/gpsp-bot/internal/handlers/delete_marked_message_handler.go:20.16,21.63 1 0
github.com/napuu/gpsp-bot/internal/handlers/delete_marked_message_handler.go:24.3,24.17 1 0
github.com/napuu/gpsp-bot/internal/handlers/delete_marked_message_handler.go:24.17,26.4 1 0
github.com/napuu/gpsp-bot/internal/handlers/delete_marked_message_handler.go:29.2,29.19 1 0
github.com/napuu/gpsp-bot/internal/handlers/delete_marked_message_handler.go:32.61,34.2 1 0
github.com/napuu/gpsp-bot/internal/handlers/end_of_chain_handler.go:12.49,14.25 2 0
github.com/napuu/gpsp-bot/internal/handlers/end_of_chain_handler.go:14.25,17.3 2 0
github.com/napuu/gpsp-bot/internal/handlers/end_of_chain_handler.go:18.2,18.31 1 0
github.com/napuu/gpsp-bot/internal/handlers/end_of_chain_handler.go:18.31,20.3 1 0
github.com/napuu/gpsp-bot/internal/handlers/end_of_chain_handler.go:21.2,21.25 1 0
github.com/napuu/gpsp-bot/internal/handlers/end_of_chain_handler.go:21.25,24.3 2 0
github.com/napuu/gpsp-bot/internal/handlers/end_of_chain_handler.go:28.61,29.46 1 0
github.com/napuu/gpsp-bot/internal/handlers/euribor_handler.go:16.46,19.25 2 0
github.com/napuu/gpsp-bot/internal/handlers/euribor_handler.go:19.25,24.52 4 0
github.com/napuu/gpsp-bot/internal/handlers/euribor_handler.go:24.52,26.4 1 0
github.com/napuu/gpsp-bot/internal/handlers/euribor_handler.go:27.3,30.17 3 0
github.com/napuu/gpsp-bot/internal/handlers/euribor_handler.go:30.17,32.4 1 0
github.com/napuu/gpsp-bot/internal/handlers/euribor_handler.go:32.9,34.4 1 0
github.com/napuu/gpsp-bot/internal/handlers/euribor_handler.go:36.3,36.20 1 0
github.com/napuu/gpsp-bot/internal/handlers/euribor_handler.go:39.2,39.19 1 0
github.com/napuu/gpsp-bot/internal/handlers/euribor_handler.go:42.55,44.2 1 0
github.com/napuu/gpsp-bot/internal/handlers/generic_message_handler.go:15.54,25.34 8 1
github.com/napuu/gpsp-bot/internal/handlers/generic_message_handler.go:25.34,26.43 1 1
github.com/napuu/gpsp-bot/internal/handlers/generic_message_handler.go:26.43,28.9 2 1
github.com/napuu/gpsp-bot/internal/handlers/generic_message_handler.go:32.2,32.15 1 1
github.com/napuu/gpsp-bot/internal/handlers/generic_message_handler.go:32.15,35.3 2 1
github.com/napuu/gpsp-bot/internal/handlers/generic_message_handler.go:35.8,35.22 1 1
github.com/napuu/gpsp-bot/internal/handlers/generic_message_handler.go:35.22,39.3 3 1
github.com/napuu/gpsp-bot/internal/handlers/generic_message_handler.go:41.2,41.127 1 1
github.com/napuu/gpsp-bot/internal/handlers/generic_message_handler.go:41.127,42.34 1 1
github.com/napuu/gpsp-bot/internal/handlers/generic_message_handler.go:43.22,44.28 1 0
github.com/napuu/gpsp-bot/internal/handlers/generic_message_handler.go:45.17,46.23 1 0
github.com/napuu/gpsp-bot/internal/handlers/generic_message_handler.go:47.13,48.19 1 1
github.com/napuu/gpsp-bot/internal/handlers/generic_message_handler.go:49.16,50.22 1 0
github.com/napuu/gpsp-bot/internal/handlers/generic_message_handler.go:53.3,53.103 1 1
github.com/napuu/gpsp-bot/internal/handlers/generic_message_handler.go:56.2,56.20 1 1
github.com/napuu/gpsp-bot/internal/handlers/generic_message_handler.go:56.20,58.3 1 1
github.com/napuu/gpsp-bot/internal/handlers/generic_message_handler.go:60.2,60.20 1 1
github.com/napuu/gpsp-bot/internal/handlers/generic_message_handler.go:63.63,65.2 1 1
github.com/napuu/gpsp-bot/internal/handlers/image_response_handler.go:17.52,20.31 2 0
github.com/napuu/gpsp-bot/internal/handlers/image_response_handler.go:20.31,21.20 1 0
github.com/napuu/gpsp-bot/internal/handlers/image_response_handler.go:22.17,25.78 2 0
github.com/napuu/gpsp-bot/internal/handlers/image_response_handler.go:26.16,28.18 2 0
github.com/napuu/gpsp-bot/internal/handlers/image_response_handler.go:28.18,29.15 1 0
github.com/napuu/gpsp-bot/internal/handlers/image_response_handler.go:31.4,35.18 4 0
github.com/napuu/gpsp-bot/internal/handlers/image_response_handler.go:35.18,36.15 1 0
github.com/napuu/gpsp-bot/internal/handlers/image_response_handler.go:39.4,51.18 3 0
github.com/napuu/gpsp-bot/internal/handlers/image_response_handler.go:51.18,53.5 1 0
github.com/napuu/gpsp-bot/internal/handlers/image_response_handler.go:57.2,57.19 1 0
github.com/napuu/gpsp-bot/internal/handlers/image_response_handler.go:60.61,62.2 1 0
github.com/napuu/gpsp-bot/internal/handlers/mark_for_deletion_handler.go:9.54,11.55 2 0
github.com/napuu/gpsp-bot/internal/handlers/mark_for_deletion_handler.go:11.55,13.3 1 0
github.com/napuu/gpsp-bot/internal/handlers/mark_for_deletion_handler.go:15.2,15.19 1 0
github.com/napuu/gpsp-bot/internal/handlers/mark_for_deletion_handler.go:18.63,20.2 1 0
github.com/napuu/gpsp-bot/internal/handlers/mark_for_nagging_handler.go:11.53,13.56 2 0
github.com/napuu/gpsp-bot/internal/handlers/mark_for_nagging_handler.go:13.56,16.3 2 0
github.com/napuu/gpsp-bot/internal/handlers/mark_for_nagging_handler.go:18.2,18.19 1 0
github.com/napuu/gpsp-bot/internal/handlers/mark_for_nagging_handler.go:21.62,23.2 1 0
github.com/napuu/gpsp-bot/internal/handlers/on_text_handler.go:14.46,16.19 2 0
github.com/napuu/gpsp-bot/internal/handlers/on_text_handler.go:17.16,20.21 3 0
github.com/napuu/gpsp-bot/internal/handlers/on_text_handler.go:20.21,26.29 5 0
github.com/napuu/gpsp-bot/internal/handlers/on_text_handler.go:26.29,29.5 2 0
github.com/napuu/gpsp-bot/internal/handlers/on_text_handler.go:31.15,33.21 2 0
github.com/napuu/gpsp-bot/internal/handlers/on_text_handler.go:33.21,36.40 3 0
github.com/napuu/gpsp-bot/internal/handlers/on_text_handler.go:36.40,39.5 2 0
github.com/napuu/gpsp-bot/internal/handlers/on_text_handler.go:40.4,40.32 1 0
github.com/napuu/gpsp-bot/internal/handlers/on_text_handler.go:43.2,43.20 1 0
github.com/napuu/gpsp-bot/internal/handlers/on_text_handler.go:46.55,48.2 1 0
github.com/napuu/gpsp-bot/internal/handlers/text_response_handler.go:15.51,17.19 2 0
github.com/napuu/gpsp-bot/internal/handlers/text_response_handler.go:18.16,19.29 1 0
github.com/napuu/gpsp-bot/internal/handlers/text_response_handler.go:19.29,25.4 2 0
github.com/napuu/gpsp-bot/internal/handlers/text_response_handler.go:25.9,25.34 1 0
github.com/napuu/gpsp-bot/internal/handlers/text_response_handler.go:25.34,27.4 1 0
github.com/napuu/gpsp-bot/internal/handlers/text_response_handler.go:29.15,30.29 1 0
github.com/napuu/gpsp-bot/internal/handlers/text_response_handler.go:30.29,36.4 2 0
github.com/napuu/gpsp-bot/internal/handlers/text_response_handler.go:36.9,36.34 1 0
github.com/napuu/gpsp-bot/internal/handlers/text_response_handler.go:36.34,38.4 1 0
github.com/napuu/gpsp-bot/internal/handlers/text_response_handler.go:41.2,41.19 1 0
github.com/napuu/gpsp-bot/internal/handlers/text_response_handler.go:44.60,46.2 1 0
github.com/napuu/gpsp-bot/internal/handlers/tuplilla_response_handler.go:18.55,20.26 2 0
github.com/napuu/gpsp-bot/internal/handlers/tuplilla_response_handler.go:20.26,21.20 1 0
github.com/napuu/gpsp-bot/internal/handlers/tuplilla_response_handler.go:22.17,27.18 3 0
github.com/napuu/gpsp-bot/internal/handlers/tuplilla_response_handler.go:27.18,29.5 1 0
github.com/napuu/gpsp-bot/internal/handlers/tuplilla_response_handler.go:31.4,35.18 3 0
github.com/napuu/gpsp-bot/internal/handlers/tuplilla_response_handler.go:35.18,37.5 1 0
github.com/napuu/gpsp-bot/internal/handlers/tuplilla_response_handler.go:39.4,39.60 1 0
github.com/napuu/gpsp-bot/internal/handlers/tuplilla_response_handler.go:39.60,41.5 1 0
github.com/napuu/gpsp-bot/internal/handlers/tuplilla_response_handler.go:43.4,45.14 3 0
github.com/napuu/gpsp-bot/internal/handlers/tuplilla_response_handler.go:45.14,47.5 1 0
github.com/napuu/gpsp-bot/internal/handlers/tuplilla_response_handler.go:49.16,59.14 5 0
github.com/napuu/gpsp-bot/internal/handlers/tuplilla_response_handler.go:59.14,60.23 1 0
github.com/napuu/gpsp-bot/internal/handlers/tuplilla_response_handler.go:60.23,62.6 1 0
github.com/napuu/gpsp-bot/internal/handlers/tuplilla_response_handler.go:62.11,62.34 1 0
github.com/napuu/gpsp-bot/internal/handlers/tuplilla_response_handler.go:62.34,64.6 1 0
github.com/napuu/gpsp-bot/internal/handlers/tuplilla_response_handler.go:66.4,79.22 9 0
github.com/napuu/gpsp-bot/internal/handlers/tuplilla_response_handler.go:79.22,81.5 1 0
github.com/napuu/gpsp-bot/internal/handlers/tuplilla_response_handler.go:81.10,83.5 1 0
github.com/napuu/gpsp-bot/internal/handlers/tuplilla_response_handler.go:84.4,85.69 2 0
github.com/napuu/gpsp-bot/internal/handlers/tuplilla_response_handler.go:90.2,90.19 1 0
github.com/napuu/gpsp-bot/internal/handlers/tuplilla_response_handler.go:93.64,95.2 1 0
github.com/napuu/gpsp-bot/internal/handlers/typing_handler.go:12.45,14.20 2 0
github.com/napuu/gpsp-bot/internal/handlers/typing_handler.go:14.20,17.13 2 0
github.com/napuu/gpsp-bot/internal/handlers/typing_handler.go:17.13,23.8 4 0
github.com/napuu/gpsp-bot/internal/handlers/typing_handler.go:23.8,24.12 1 0
github.com/napuu/gpsp-bot/internal/handlers/typing_handler.go:25.25,26.12 1 0
github.com/napuu/gpsp-bot/internal/handlers/typing_handler.go:27.21,28.20 1 0
github.com/napuu/gpsp-bot/internal/handlers/typing_handler.go:34.2,34.19 1 0
github.com/napuu/gpsp-bot/internal/handlers/typing_handler.go:37.54,39.2 1 0
github.com/napuu/gpsp-bot/internal/handlers/url_parsing_handler.go:12.49,21.2 6 0
github.com/napuu/gpsp-bot/internal/handlers/url_parsing_handler.go:23.58,25.2 1 0
github.com/napuu/gpsp-bot/internal/handlers/utils.go:9.31,12.19 2 0
github.com/napuu/gpsp-bot/internal/handlers/utils.go:13.16,15.32 2 0
github.com/napuu/gpsp-bot/internal/handlers/utils.go:15.32,17.4 1 0
github.com/napuu/gpsp-bot/internal/handlers/utils.go:18.3,18.40 1 0
github.com/napuu/gpsp-bot/internal/handlers/utils.go:19.15,20.49 1 0
github.com/napuu/gpsp-bot/internal/handlers/utils.go:23.2,23.16 1 0
github.com/napuu/gpsp-bot/internal/handlers/utils.go:23.16,25.3 1 0
github.com/napuu/gpsp-bot/internal/handlers/video_cut_args_handler.go:14.51,23.12 7 0
github.com/napuu/gpsp-bot/internal/handlers/video_cut_args_handler.go:23.12,24.80 1 0
github.com/napuu/gpsp-bot/internal/handlers/video_cut_args_handler.go:24.80,26.18 2 0
github.com/napuu/gpsp-bot/internal/handlers/video_cut_args_handler.go:26.18,29.5 2 0
github.com/napuu/gpsp-bot/internal/handlers/video_cut_args_handler.go:29.10,33.5 3 0
github.com/napuu/gpsp-bot/internal/handlers/video_cut_args_handler.go:34.9,36.4 1 0
github.com/napuu/gpsp-bot/internal/handlers/video_cut_args_handler.go:39.2,39.19 1 0
github.com/napuu/gpsp-bot/internal/handlers/video_cut_args_handler.go:42.60,44.2 1 0
github.com/napuu/gpsp-bot/internal/handlers/video_download_handler.go:13.52,15.31 2 0
github.com/napuu/gpsp-bot/internal/handlers/video_download_handler.go:15.31,21.3 4 0
github.com/napuu/gpsp-bot/internal/handlers/video_download_handler.go:22.2,22.19 1 0
github.com/napuu/gpsp-bot/internal/handlers/video_download_handler.go:25.61,27.2 1 0
github.com/napuu/gpsp-bot/internal/handlers/video_postprocessing_handler.go:19.82,21.22 2 0
github.com/napuu/gpsp-bot/internal/handlers/video_postprocessing_handler.go:21.22,23.3 1 0
github.com/napuu/gpsp-bot/internal/handlers/video_postprocessing_handler.go:23.8,23.29 1 0
github.com/napuu/gpsp-bot/internal/handlers/video_postprocessing_handler.go:23.29,25.3 1 0
github.com/napuu/gpsp-bot/internal/handlers/video_postprocessing_handler.go:26.2,27.25 2 0
github.com/napuu/gpsp-bot/internal/handlers/video_postprocessing_handler.go:27.25,29.3 1 0
github.com/napuu/gpsp-bot/internal/handlers/video_postprocessing_handler.go:30.2,35.18 5 0
github.com/napuu/gpsp-bot/internal/handlers/video_postprocessing_handler.go:38.61,51.2 5 0
github.com/napuu/gpsp-bot/internal/handlers/video_postprocessing_handler.go:53.49,70.2 6 0
github.com/napuu/gpsp-bot/internal/handlers/video_postprocessing_handler.go:72.60,84.2 5 0
github.com/napuu/gpsp-bot/internal/handlers/video_postprocessing_handler.go:86.40,88.16 2 0
github.com/napuu/gpsp-bot/internal/handlers/video_postprocessing_handler.go:88.16,89.13 1 0
github.com/napuu/gpsp-bot/internal/handlers/video_postprocessing_handler.go:91.2,91.49 1 0
github.com/napuu/gpsp-bot/internal/handlers/video_postprocessing_handler.go:95.63,98.24 2 0
github.com/napuu/gpsp-bot/internal/handlers/video_postprocessing_handler.go:98.24,103.17 4 0
github.com/napuu/gpsp-bot/internal/handlers/video_postprocessing_handler.go:103.17,104.14 1 0
github.com/napuu/gpsp-bot/internal/handlers/video_postprocessing_handler.go:106.3,108.25 2 0
github.com/napuu/gpsp-bot/internal/handlers/video_postprocessing_handler.go:108.25,110.4 1 0
github.com/napuu/gpsp-bot/internal/handlers/video_postprocessing_handler.go:111.3,115.17 4 0
github.com/napuu/gpsp-bot/internal/handlers/video_postprocessing_handler.go:115.17,116.14 1 0
github.com/napuu/gpsp-bot/internal/handlers/video_postprocessing_handler.go:118.3,120.25 2 0
github.com/napuu/gpsp-bot/internal/handlers/video_postprocessing_handler.go:120.25,122.4 1 0
github.com/napuu/gpsp-bot/internal/handlers/video_postprocessing_handler.go:123.3,127.17 4 0
github.com/napuu/gpsp-bot/internal/handlers/video_postprocessing_handler.go:127.17,128.14 1 0
github.com/napuu/gpsp-bot/internal/handlers/video_postprocessing_handler.go:130.3,133.23 3 0
github.com/napuu/gpsp-bot/internal/handlers/video_postprocessing_handler.go:136.2,136.14 1 0
github.com/napuu/gpsp-bot/internal/handlers/video_postprocessing_handler.go:139.43,142.16 3 0
github.com/napuu/gpsp-bot/internal/handlers/video_postprocessing_handler.go:142.16,145.3 2 0
github.com/napuu/gpsp-bot/internal/handlers/video_postprocessing_handler.go:146.2,147.81 2 0
github.com/napuu/gpsp-bot/internal/handlers/video_postprocessing_handler.go:150.58,153.31 3 0
github.com/napuu/gpsp-bot/internal/handlers/video_postprocessing_handler.go:153.31,154.30 1 0
github.com/napuu/gpsp-bot/internal/handlers/video_postprocessing_handler.go:154.30,160.18 6 0
github.com/napuu/gpsp-bot/internal/handlers/video_postprocessing_handler.go:160.18,161.15 1 0
github.com/napuu/gpsp-bot/internal/handlers/video_postprocessing_handler.go:162.10,164.5 1 0
github.com/napuu/gpsp-bot/internal/handlers/video_postprocessing_handler.go:167.3,167.120 1 0
github.com/napuu/gpsp-bot/internal/handlers/video_postprocessing_handler.go:167.120,171.18 3 0
github.com/napuu/gpsp-bot/internal/handlers/video_postprocessing_handler.go:171.18,172.15 1 0
github.com/napuu/gpsp-bot/internal/handlers/video_postprocessing_handler.go:174.4,176.61 2 0
github.com/napuu/gpsp-bot/internal/handlers/video_postprocessing_handler.go:180.2,180.19 1 0
github.com/napuu/gpsp-bot/internal/handlers/video_postprocessing_handler.go:183.67,185.2 1 0
github.com/napuu/gpsp-bot/internal/handlers/video_response_handler.go:17.52,20.31 2 0
github.com/napuu/gpsp-bot/internal/handlers/video_response_handler.go:20.31,21.20 1 0
github.com/napuu/gpsp-bot/internal/handlers/video_response_handler.go:22.17,25.30 2 0
github.com/napuu/gpsp-bot/internal/handlers/video_response_handler.go:25.30,31.5 2 0
github.com/napuu/gpsp-bot/internal/handlers/video_response_handler.go:31.10,33.5 1 0
github.com/napuu/gpsp-bot/internal/handlers/video_response_handler.go:34.4,34.31 1 0
github.com/napuu/gpsp-bot/internal/handlers/video_response_handler.go:35.16,37.18 2 0
github.com/napuu/gpsp-bot/internal/handlers/video_response_handler.go:37.18,38.15 1 0
github.com/napuu/gpsp-bot/internal/handlers/video_response_handler.go:40.4,44.18 4 0
github.com/napuu/gpsp-bot/internal/handlers/video_response_handler.go:44.18,45.15 1 0
github.com/napuu/gpsp-bot/internal/handlers/video_response_handler.go:48.4,59.30 2 0
github.com/napuu/gpsp-bot/internal/handlers/video_response_handler.go:59.30,64.5 1 0
github.com/napuu/gpsp-bot/internal/handlers/video_response_handler.go:66.4,67.18 2 0
github.com/napuu/gpsp-bot/internal/handlers/video_response_handler.go:67.18,69.5 1 0
github.com/napuu/gpsp-bot/internal/handlers/video_response_handler.go:69.10,71.5 1 0
github.com/napuu/gpsp-bot/internal/handlers/video_response_handler.go:75.2,75.19 1 0
github.com/napuu/gpsp-bot/internal/handlers/video_response_handler.go:78.61,80.2 1 0
github.com/napuu/gpsp-bot/pkg/utils/euribor.go:29.69,35.29 4 0
github.com/napuu/gpsp-bot/pkg/utils/euribor.go:35.29,37.45 2 0
github.com/napuu/gpsp-bot/pkg/utils/euribor.go:37.45,39.4 1 0
github.com/napuu/gpsp-bot/pkg/utils/euribor.go:40.3,42.62 3 0
github.com/napuu/gpsp-bot/pkg/utils/euribor.go:46.2,47.28 2 0
github.com/napuu/gpsp-bot/pkg/utils/euribor.go:47.28,49.3 1 0
github.com/napuu/gpsp-bot/pkg/utils/euribor.go:50.2,54.96 3 0
github.com/napuu/gpsp-bot/pkg/utils/euribor.go:54.96,55.30 1 0
github.com/napuu/gpsp-bot/pkg/utils/euribor.go:55.30,57.34 2 0
github.com/napuu/gpsp-bot/pkg/utils/euribor.go:57.34,60.5 2 0
github.com/napuu/gpsp-bot/pkg/utils/euribor.go:61.4,61.21 1 0
github.com/napuu/gpsp-bot/pkg/utils/euribor.go:61.21,63.5 1 0
github.com/napuu/gpsp-bot/pkg/utils/euribor.go:64.4,64.21 1 0
github.com/napuu/gpsp-bot/pkg/utils/euribor.go:64.21,66.5 1 0
github.com/napuu/gpsp-bot/pkg/utils/euribor.go:71.2,85.96 3 0
github.com/napuu/gpsp-bot/pkg/utils/euribor.go:85.96,87.30 2 0
github.com/napuu/gpsp-bot/pkg/utils/euribor.go:87.30,90.4 2 0
github.com/napuu/gpsp-bot/pkg/utils/euribor.go:91.3,91.31 1 0
github.com/napuu/gpsp-bot/pkg/utils/euribor.go:94.2,95.16 2 0
github.com/napuu/gpsp-bot/pkg/utils/euribor.go:95.16,97.3 1 0
github.com/napuu/gpsp-bot/pkg/utils/euribor.go:100.2,100.55 1 0
github.com/napuu/gpsp-bot/pkg/utils/euribor.go:100.55,102.3 1 0
github.com/napuu/gpsp-bot/pkg/utils/euribor.go:104.2,104.12 1 0
github.com/napuu/gpsp-bot/pkg/utils/euribor.go:107.46,109.16 2 0
github.com/napuu/gpsp-bot/pkg/utils/euribor.go:109.16,111.3 1 0
github.com/napuu/gpsp-bot/pkg/utils/euribor.go:112.2,113.16 2 0
github.com/napuu/gpsp-bot/pkg/utils/euribor.go:113.16,115.3 1 0
github.com/napuu/gpsp-bot/pkg/utils/euribor.go:116.2,117.16 2 0
github.com/napuu/gpsp-bot/pkg/utils/euribor.go:117.16,119.3 1 0
github.com/napuu/gpsp-bot/pkg/utils/euribor.go:120.2,120.49 1 0
github.com/napuu/gpsp-bot/pkg/utils/euribor.go:120.49,122.3 1 0
github.com/napuu/gpsp-bot/pkg/utils/euribor.go:123.2,123.63 1 0
github.com/napuu/gpsp-bot/pkg/utils/euribor.go:123.63,125.3 1 0
github.com/napuu/gpsp-bot/pkg/utils/euribor.go:126.2,126.52 1 0
github.com/napuu/gpsp-bot/pkg/utils/euribor.go:126.52,128.3 1 0
github.com/napuu/gpsp-bot/pkg/utils/euribor.go:129.2,129.16 1 0
github.com/napuu/gpsp-bot/pkg/utils/euribor.go:129.16,131.3 1 0
github.com/napuu/gpsp-bot/pkg/utils/euribor.go:132.2,132.49 1 0
github.com/napuu/gpsp-bot/pkg/utils/euribor.go:132.49,134.3 1 0
github.com/napuu/gpsp-bot/pkg/utils/euribor.go:135.2,135.39 1 0
github.com/napuu/gpsp-bot/pkg/utils/euribor.go:135.39,137.3 1 0
github.com/napuu/gpsp-bot/pkg/utils/euribor.go:138.2,138.33 1 0
github.com/napuu/gpsp-bot/pkg/utils/euribor.go:138.33,140.3 1 0
github.com/napuu/gpsp-bot/pkg/utils/euribor.go:143.79,145.16 2 0
github.com/napuu/gpsp-bot/pkg/utils/euribor.go:145.16,147.3 1 0
github.com/napuu/gpsp-bot/pkg/utils/euribor.go:149.2,150.29 2 0
github.com/napuu/gpsp-bot/pkg/utils/euribor.go:150.29,151.72 1 0
github.com/napuu/gpsp-bot/pkg/utils/euribor.go:151.72,153.18 2 0
github.com/napuu/gpsp-bot/pkg/utils/euribor.go:153.18,155.5 1 0
github.com/napuu/gpsp-bot/pkg/utils/euribor.go:156.4,156.71 1 0
github.com/napuu/gpsp-bot/pkg/utils/euribor.go:156.71,158.5 1 0
github.com/napuu/gpsp-bot/pkg/utils/euribor.go:162.2,162.23 1 0
github.com/napuu/gpsp-bot/pkg/utils/euribor.go:162.23,164.3 1 0
github.com/napuu/gpsp-bot/pkg/utils/euribor.go:166.2,167.52 2 0
github.com/napuu/gpsp-bot/pkg/utils/euribor.go:170.64,174.32 3 0
github.com/napuu/gpsp-bot/pkg/utils/euribor.go:174.32,175.114 1 0
github.com/napuu/gpsp-bot/pkg/utils/euribor.go:175.114,177.4 1 0
github.com/napuu/gpsp-bot/pkg/utils/euribor.go:180.2,181.16 2 0
github.com/napuu/gpsp-bot/pkg/utils/euribor.go:181.16,183.3 1 0
github.com/napuu/gpsp-bot/pkg/utils/euribor.go:185.2,185.21 1 0
github.com/napuu/gpsp-bot/pkg/utils/euribor.go:185.21,187.3 1 0
github.com/napuu/gpsp-bot/pkg/utils/euribor.go:189.2,189.14 1 0
github.com/napuu/gpsp-bot/pkg/utils/euribor.go:192.79,194.16 2 0
github.com/napuu/gpsp-bot/pkg/utils/euribor.go:194.16,196.3 1 0
github.com/napuu/gpsp-bot/pkg/utils/euribor.go:197.2,200.16 3 0
github.com/napuu/gpsp-bot/pkg/utils/euribor.go:200.16,202.3 1 0
github.com/napuu/gpsp-bot/pkg/utils/euribor.go:204.2,204.21 1 0
github.com/napuu/gpsp-bot/pkg/utils/euribor.go:204.21,206.3 1 0
github.com/napuu/gpsp-bot/pkg/utils/euribor.go:208.2,239.16 3 0
github.com/napuu/gpsp-bot/pkg/utils/euribor.go:239.16,241.3 1 0
github.com/napuu/gpsp-bot/pkg/utils/euribor.go:242.2,245.18 3 0
github.com/napuu/gpsp-bot/pkg/utils/euribor.go:245.18,247.107 2 0
github.com/napuu/gpsp-bot/pkg/utils/euribor.go:247.107,249.4 1 0
github.com/napuu/gpsp-bot/pkg/utils/euribor.go:250.3,250.35 1 0
github.com/napuu/gpsp-bot/pkg/utils/euribor.go:253.2,253.35 1 0
github.com/napuu/gpsp-bot/pkg/utils/euribor.go:253.35,255.3 1 0
github.com/napuu/gpsp-bot/pkg/utils/euribor.go:257.2,257.16 1 0
github.com/napuu/gpsp-bot/pkg/utils/llm_util.go:44.57,45.19 1 0
github.com/napuu/gpsp-bot/pkg/utils/llm_util.go:45.19,47.3 1 0
github.com/napuu/gpsp-bot/pkg/utils/llm_util.go:49.2,107.16 4 0
github.com/napuu/gpsp-bot/pkg/utils/llm_util.go:107.16,109.3 1 0
github.com/napuu/gpsp-bot/pkg/utils/llm_util.go:111.2,113.16 3 0
github.com/napuu/gpsp-bot/pkg/utils/llm_util.go:113.16,115.3 1 0
github.com/napuu/gpsp-bot/pkg/utils/llm_util.go:117.2,117.32 1 0
github.com/napuu/gpsp-bot/pkg/utils/llm_util.go:117.32,119.3 1 0
github.com/napuu/gpsp-bot/pkg/utils/llm_util.go:122.2,123.91 2 0
github.com/napuu/gpsp-bot/pkg/utils/llm_util.go:123.91,125.3 1 0
github.com/napuu/gpsp-bot/pkg/utils/llm_util.go:128.2,130.58 3 0
github.com/napuu/gpsp-bot/pkg/utils/llm_util.go:130.58,132.3 1 0
github.com/napuu/gpsp-bot/pkg/utils/llm_util.go:134.2,134.51 1 0
github.com/napuu/gpsp-bot/pkg/utils/llm_util.go:143.39,178.16 4 0
github.com/napuu/gpsp-bot/pkg/utils/llm_util.go:178.16,180.3 1 0
github.com/napuu/gpsp-bot/pkg/utils/llm_util.go:182.2,184.16 3 0
github.com/napuu/gpsp-bot/pkg/utils/llm_util.go:184.16,186.3 1 0
github.com/napuu/gpsp-bot/pkg/utils/llm_util.go:188.2,188.31 1 0
github.com/napuu/gpsp-bot/pkg/utils/llm_util.go:188.31,190.3 1 0
github.com/napuu/gpsp-bot/pkg/utils/llm_util.go:192.2,192.27 1 0
github.com/napuu/gpsp-bot/pkg/utils/misc.go:13.24,16.2 2 0
github.com/napuu/gpsp-bot/pkg/utils/misc.go:18.40,20.16 2 0
github.com/napuu/gpsp-bot/pkg/utils/misc.go:20.16,21.68 1 0
github.com/napuu/gpsp-bot/pkg/utils/misc.go:25.35,28.16 3 0
github.com/napuu/gpsp-bot/pkg/utils/misc.go:28.16,30.3 1 0
github.com/napuu/gpsp-bot/pkg/utils/misc.go:30.8,32.3 1 0
github.com/napuu/gpsp-bot/pkg/utils/misc.go:35.39,37.24 2 0
github.com/napuu/gpsp-bot/pkg/utils/misc.go:37.24,39.3 1 0
github.com/napuu/gpsp-bot/pkg/utils/misc.go:40.2,40.22 1 0
github.com/napuu/gpsp-bot/pkg/utils/video_downloader.go:19.26,25.2 5 0
github.com/napuu/gpsp-bot/pkg/utils/video_downloader.go:27.62,33.56 5 0
github.com/napuu/gpsp-bot/pkg/utils/video_downloader.go:33.56,35.3 1 0
github.com/napuu/gpsp-bot/pkg/utils/video_downloader.go:37.2,37.38 1 0
github.com/napuu/gpsp-bot/pkg/utils/video_downloader.go:37.38,41.60 3 0
github.com/napuu/gpsp-bot/pkg/utils/video_downloader.go:41.60,43.4 1 0
github.com/napuu/gpsp-bot/pkg/utils/video_downloader.go:46.2,47.11 2 0
github.com/napuu/gpsp-bot/pkg/utils/video_downloader.go:50.79,62.17 2 0
github.com/napuu/gpsp-bot/pkg/utils/video_downloader.go:62.17,64.3 1 0
github.com/napuu/gpsp-bot/pkg/utils/video_downloader.go:66.2,68.19 3 0
github.com/napuu/gpsp-bot/internal/platforms/common.go:12.39,15.2 2 1
github.com/napuu/gpsp-bot/internal/platforms/common.go:17.30,18.50 1 1
github.com/napuu/gpsp-bot/internal/platforms/common.go:18.50,19.27 1 1
github.com/napuu/gpsp-bot/internal/platforms/common.go:19.27,21.4 1 1
github.com/napuu/gpsp-bot/internal/platforms/common.go:21.9,22.60 1 1
github.com/napuu/gpsp-bot/internal/platforms/common.go:28.26,32.2 3 0
github.com/napuu/gpsp-bot/internal/platforms/discord_api.go:12.105,13.64 1 0
github.com/napuu/gpsp-bot/internal/platforms/discord_api.go:13.64,15.37 1 0
github.com/napuu/gpsp-bot/internal/platforms/discord_api.go:15.37,17.4 1 0
github.com/napuu/gpsp-bot/internal/platforms/discord_api.go:20.3,24.5 1 0
github.com/napuu/gpsp-bot/internal/platforms/discord_api.go:28.22,31.16 3 0
github.com/napuu/gpsp-bot/internal/platforms/discord_api.go:31.16,34.3 2 0
github.com/napuu/gpsp-bot/internal/platforms/discord_api.go:37.2,47.16 5 0
github.com/napuu/gpsp-bot/internal/platforms/discord_api.go:47.16,50.3 2 0
github.com/napuu/gpsp-bot/internal/platforms/telegram_api.go:14.91,15.36 1 0
github.com/napuu/gpsp-bot/internal/platforms/telegram_api.go:15.36,18.3 2 0
github.com/napuu/gpsp-bot/internal/platforms/telegram_api.go:21.56,23.50 2 0
github.com/napuu/gpsp-bot/internal/platforms/telegram_api.go:23.50,24.47 1 0
github.com/napuu/gpsp-bot/internal/platforms/telegram_api.go:24.47,25.12 1 0
github.com/napuu/gpsp-bot/internal/platforms/telegram_api.go:27.3,30.5 1 0
github.com/napuu/gpsp-bot/internal/platforms/telegram_api.go:32.2,32.17 1 0
github.com/napuu/gpsp-bot/internal/platforms/telegram_api.go:35.23,40.16 4 0
github.com/napuu/gpsp-bot/internal/platforms/telegram_api.go:40.16,42.3 1 0
github.com/napuu/gpsp-bot/internal/platforms/telegram_api.go:44.2,46.16 2 0
github.com/napuu/gpsp-bot/internal/platforms/telegram_api.go:49.33,64.16 3 0
github.com/napuu/gpsp-bot/internal/platforms/telegram_api.go:64.16,65.13 1 0
github.com/napuu/gpsp-bot/internal/platforms/telegram_api.go:68.2,68.10 1 0
